<?xml version="1.0" encoding="UTF-8"?>
<coverage generated="1750577533509" clover="3.2.0">
  <project timestamp="1750577533510" name="All files">
    <metrics statements="9" coveredstatements="8" conditionals="4" coveredconditionals="4" methods="4" coveredmethods="3" elements="17" coveredelements="15" complexity="0" loc="9" ncloc="9" packages="1" files="3" classes="3"/>
    <file name="cloneArray.js" path="C:\Users\bakhi\Downloads\JestTutorial\src\cloneArray.js">
      <metrics statements="2" coveredstatements="2" conditionals="0" coveredconditionals="0" methods="1" coveredmethods="1"/>
      <line num="3" count="2" type="stmt"/>
      <line num="7" count="1" type="stmt"/>
    </file>
    <file name="main.js" path="C:\Users\bakhi\Downloads\JestTutorial\src\main.js">
      <metrics statements="5" coveredstatements="4" conditionals="4" coveredconditionals="4" methods="2" coveredmethods="1"/>
      <line num="2" count="2" type="cond" truecount="4" falsecount="0"/>
      <line num="3" count="1" type="stmt"/>
      <line num="5" count="1" type="stmt"/>
      <line num="10" count="0" type="stmt"/>
      <line num="14" count="1" type="stmt"/>
    </file>
    <file name="subtract.js" path="C:\Users\bakhi\Downloads\JestTutorial\src\subtract.js">
      <metrics statements="2" coveredstatements="2" conditionals="0" coveredconditionals="0" methods="1" coveredmethods="1"/>
      <line num="2" count="1" type="stmt"/>
      <line num="5" count="1" type="stmt"/>
    </file>
  </project>
</coverage>
