TN:
SF:src\cloneArray.js
FN:2,cloneArray
FNF:1
FNH:1
FNDA:2,cloneArray
DA:3,2
DA:7,1
LF:2
LH:2
BRF:0
BRH:0
end_of_record
TN:
SF:src\main.js
FN:1,sum
FN:8,diff
FN:12,isEven
FN:16,getUser
FNF:4
FNH:4
FNDA:4,sum
FNDA:1,diff
FNDA:1,isEven
FNDA:1,getUser
DA:2,4
DA:3,1
DA:5,3
DA:9,1
DA:13,1
DA:17,1
DA:20,1
LF:7
LH:7
BRDA:2,0,0,1
BRDA:2,0,1,3
BRDA:2,1,0,4
BRDA:2,1,1,4
BRF:4
BRH:4
end_of_record
TN:
SF:src\subtract.js
FN:1,subtract
FNF:1
FNH:1
FNDA:1,subtract
DA:2,1
DA:5,1
LF:2
LH:2
BRF:0
BRH:0
end_of_record
